<?xml version="1.0" encoding="UTF-8"?>
<testng-results ignored="0" total="1" passed="1" failed="0" skipped="0">
  <reporter-output>
  </reporter-output>
  <suite started-at="2022-09-16T08:27:36 IST" name="Default suite" finished-at="2022-09-16T08:27:36 IST" duration-ms="155">
    <groups>
    </groups>
    <test started-at="2022-09-16T08:27:36 IST" name="Default test" finished-at="2022-09-16T08:27:36 IST" duration-ms="155">
      <class name="practice.AddToCartTest">
        <test-method signature="addToCart()[pri:0, instance:practice.AddToCartTest@47d90b9e]" started-at="2022-09-16T08:27:36 IST" name="addToCart" finished-at="2022-09-16T08:27:36 IST" duration-ms="31" status="PASS">
          <reporter-output>
          </reporter-output>
        </test-method> <!-- addToCart -->
      </class> <!-- practice.AddToCartTest -->
    </test> <!-- Default test -->
  </suite> <!-- Default suite -->
</testng-results>
